<?xml version="1.0" encoding="UTF-8"?>
<testsuite name="com.indiancensusdata.test.CSVStateCensusTest" tests="1" skipped="0" failures="0" errors="0" timestamp="2020-04-04T05:41:38" hostname="SUBE-DELL" time="0.379">
  <properties/>
  <testcase name="givenIndianStateCensusData_WhenSortedStateAreaList_ShouldReturnSortedList" classname="com.indiancensusdata.test.CSVStateCensusTest" time="0.379"/>
  <system-out><![CDATA[]]></system-out>
  <system-err><![CDATA[]]></system-err>
</testsuite>
