<?xml version="1.0" encoding="UTF-8"?>
<testsuite name="com.indiancensusdata.test.CSVStateCensusTest" tests="1" skipped="0" failures="0" errors="0" timestamp="2020-03-31T17:55:56" hostname="SUBE-DELL" time="4.252">
  <properties/>
  <testcase name="GivenTheStateCensusCSVFile_WhenCorrect_ButDelimiterIncorrect_ReturnsCensusAnalyserException" classname="com.indiancensusdata.test.CSVStateCensusTest" time="4.252"/>
  <system-out><![CDATA[]]></system-out>
  <system-err><![CDATA[]]></system-err>
</testsuite>
