<?xml version="1.0" encoding="UTF-8"?>
<testsuite name="com.indiancensusdata.test.CSVStateCensusTest" tests="1" skipped="0" failures="0" errors="0" timestamp="2020-04-02T08:02:25" hostname="SUBE-DELL" time="1.894">
  <properties/>
  <testcase name="givenStateCensusData_WhenSortedOnStateFromLast_ShouldReturnSortedResult" classname="com.indiancensusdata.test.CSVStateCensusTest" time="1.894"/>
  <system-out><![CDATA[]]></system-out>
  <system-err><![CDATA[]]></system-err>
</testsuite>
