<?xml version="1.0" encoding="UTF-8"?>
<testsuite name="com.indiancensusdata.test.CSVStateCensusTest" tests="1" skipped="0" failures="0" errors="0" timestamp="2020-04-03T19:02:16" hostname="SUBE-DELL" time="0.402">
  <properties/>
  <testcase name="givenIndianStateCensusData_WhenSortedOnPopulation_ShouldReturnSortedList_2" classname="com.indiancensusdata.test.CSVStateCensusTest" time="0.402"/>
  <system-out><![CDATA[{Bihar=com.censusdata.CensusDAO@b0b3f5a, Gujarat=com.censusdata.CensusDAO@42f2a71e, Assam=com.censusdata.CensusDAO@3880d513, Telangana=com.censusdata.CensusDAO@63629444, Madhya Pradesh=com.censusdata.CensusDAO@31c1869d, Andhra Pradesh=com.censusdata.CensusDAO@665c1dec, Jammu and Kashmir=com.censusdata.CensusDAO@584a7479, Tamil Nadu=com.censusdata.CensusDAO@2ffd0b80, Karnataka=com.censusdata.CensusDAO@1235958c, Mizoram=com.censusdata.CensusDAO@1400595b, Goa=com.censusdata.CensusDAO@1fe21e1e, Odisha=com.censusdata.CensusDAO@5884a769, West Bengal=com.censusdata.CensusDAO@66a3c000, Maharashtra=com.censusdata.CensusDAO@70ff970e, Chattisgarh=com.censusdata.CensusDAO@7f6265e1, Kerala=com.censusdata.CensusDAO@2a02a8b, Sikkim=com.censusdata.CensusDAO@7afb591f, Punjab=com.censusdata.CensusDAO@7630f6a9, Meghalaya=com.censusdata.CensusDAO@1a91c8e3, Rajasthan=com.censusdata.CensusDAO@19e64d48, Uttar Pradesh=com.censusdata.CensusDAO@3975ccca, Tripura=com.censusdata.CensusDAO@4881f0f3, Jharkhand=com.censusdata.CensusDAO@5cc3ffd0, Haryana=com.censusdata.CensusDAO@77e4650d, Uttarakhand=com.censusdata.CensusDAO@6060e4a7, Himachal Pradesh=com.censusdata.CensusDAO@27219630, Arunachal Pradesh=com.censusdata.CensusDAO@64dfc07b, Manipur=com.censusdata.CensusDAO@30470de0, Nagaland=com.censusdata.CensusDAO@57e59293}
]]></system-out>
  <system-err><![CDATA[]]></system-err>
</testsuite>
