<?xml version="1.0" encoding="UTF-8"?>
<testsuite name="com.indiancensusdata.test.CSVStateCensusTest" tests="1" skipped="0" failures="0" errors="0" timestamp="2020-04-03T19:37:04" hostname="SUBE-DELL" time="2.098">
  <properties/>
  <testcase name="givenIndianStateCensusData_WhenSortedOnPopulation_ShouldReturnSortedList_2" classname="com.indiancensusdata.test.CSVStateCensusTest" time="2.098"/>
  <system-out><![CDATA[]]></system-out>
  <system-err><![CDATA[]]></system-err>
</testsuite>
