<?xml version="1.0" encoding="UTF-8"?>
<testsuite name="com.indiancensusdata.test.CSVStateCensusTest" tests="1" skipped="0" failures="0" errors="0" timestamp="2020-04-01T12:16:10" hostname="SUBE-DELL" time="0.508">
  <properties/>
  <testcase name="givenIndianStateCSV_shouldReturnExactCount" classname="com.indiancensusdata.test.CSVStateCensusTest" time="0.508"/>
  <system-out><![CDATA[]]></system-out>
  <system-err><![CDATA[]]></system-err>
</testsuite>
