<?xml version="1.0" encoding="UTF-8"?>
<testsuite name="com.indiancensusdata.test.CSVStateCensusTest" tests="1" skipped="0" failures="0" errors="0" timestamp="2020-04-01T17:54:57" hostname="SUBE-DELL" time="0.546">
  <properties/>
  <testcase name="GivenTheStateCodeCsvFile_IfIncorrect_ShouldThrowCensusAnalyserException" classname="com.indiancensusdata.test.CSVStateCensusTest" time="0.546"/>
  <system-out><![CDATA[]]></system-out>
  <system-err><![CDATA[]]></system-err>
</testsuite>
